IQ-TREE version 3.0.1 for Linux x86 64-bit built May  5 2025
Developed by Bui Quang Minh, Thomas Wong, Nhan Ly-Trong, Huaiyan Ren
Contributed by Lam-Tung Nguyen, Dominik Schrempf, Chris Bielow,
Olga Chernomor, Michael Woodhams, Diep Thi Hoang, Heiko Schmidt

Host:    biocode-2024 (AVX2, FMA3, 62 GB RAM)
Command: ./iqtree3 -s ../../data/align.fasta -m GTR+G -bb 1000 -nt AUTO
Seed:    804234 (Using SPRNG - Scalable Parallel Random Number Generator)
Time:    Thu May 15 15:29:27 2025
Kernel:  AVX+FMA - auto-detect threads (28 CPU cores detected)

Reading alignment file ../../data/align.fasta ... Fasta format detected
Reading fasta file: done in 0.000936743 secs
Alignment most likely contains DNA/RNA sequences
Constructing alignment: done in 0.00932346 secs using 2407% CPU
Alignment has 6 sequences with 29904 columns, 1803 distinct patterns
3351 parsimony-informative, 6095 singleton sites, 20458 constant sites
         Gap/Ambiguity  Composition  p-value
Analyzing sequences: done in 0.00892612 secs using 3120% CPU
   1  sars001    0.85%    passed     97.48%
   2  sars002    9.98%    passed     99.61%
   3  sars073    9.73%    passed     97.89%
   4  sars044    9.98%    passed     98.63%
   5  sars099   10.68%    passed     96.97%
   6  sars085    9.78%    passed     91.66%
****  TOTAL      8.50%  0 sequences failed composition chi2 test (p-value<5%; df=3)
Checking for duplicate sequences: done in 0.00788129 secs using 1853% CPU

Create initial parsimony tree by phylogenetic likelihood library (PLL)... 0.001 seconds
Generating 1000 samples for ultrafast bootstrap (seed: 804234)...

NOTE: 8 MB RAM (0 GB) is required!
Measuring multi-threading efficiency up to 28 CPU cores
Increase to 10 rounds for branch lengths
7661 trees examined
Threads: 1 / Time: 28.001 sec / Speedup: 1.000 / Efficiency: 100% / LogL: -103905
Threads: 2 / Time: 20.576 sec / Speedup: 1.361 / Efficiency: 68% / LogL: -103905
Threads: 3 / Time: 16.548 sec / Speedup: 1.692 / Efficiency: 56% / LogL: -103905
Threads: 4 / Time: 14.446 sec / Speedup: 1.938 / Efficiency: 48% / LogL: -103905
Determining AUTO threadcount: done in 79.5712 secs using 221.3% CPU
BEST NUMBER OF THREADS: 3

Estimate model parameters (epsilon = 0.100)
1. Initial log-likelihood: -100392.213
2. Current log-likelihood: -97736.213
3. Current log-likelihood: -97253.730
4. Current log-likelihood: -97173.022
5. Current log-likelihood: -97148.620
6. Current log-likelihood: -97138.718
7. Current log-likelihood: -97134.174
8. Current log-likelihood: -97131.681
9. Current log-likelihood: -97130.234
10. Current log-likelihood: -97129.271
11. Current log-likelihood: -97128.593
12. Current log-likelihood: -97128.064
13. Current log-likelihood: -97127.658
14. Current log-likelihood: -97127.379
15. Current log-likelihood: -97127.165
16. Current log-likelihood: -97127.013
17. Current log-likelihood: -97126.889
18. Current log-likelihood: -97126.784
Optimal log-likelihood: -97126.657
Rate parameters:  A-C: 0.40063  A-G: 1.25864  A-T: 0.31282  C-G: 0.39276  C-T: 2.89066  G-T: 1.00000
Base frequencies:  A: 0.305  C: 0.170  G: 0.194  T: 0.331
Gamma shape alpha: 0.179
Parameters optimization took 18 rounds (0.050 sec)
Wrote distance file to... 
Computing ML distances based on estimated model parameters...
Calculating distance matrix: done in 5.63799e-05 secs using 6373% CPU
Computing ML distances took 0.000084 sec (of wall-clock time) 0.003622 sec (of CPU time)
Setting up auxiliary I and S matrices: done in 6.52112e-06 secs using 92.01% CPU
Constructing RapidNJ tree: done in 8.28598e-06 secs using 96.55% CPU
Computing RapidNJ tree took 0.000034 sec (of wall-clock time) 0.000078 sec (of CPU time)
Log-likelihood of RapidNJ tree: -97126.651
--------------------------------------------------------------------
|             INITIALIZING CANDIDATE TREE SET                      |
--------------------------------------------------------------------
Generating 98 parsimony trees... 0.083 second
Computing log-likelihood of 5 initial trees ... 0.002 seconds
Current best score: -97126.651

Do NNI search on 7 best initial trees
Optimizing NNI: done in 0.00184825 secs using 247.6% CPU
UPDATE BEST LOG-LIKELIHOOD: -97126.651
Optimizing NNI: done in 0.00314139 secs using 256.6% CPU
Optimizing NNI: done in 0.00911982 secs using 275.4% CPU
WARNING: NNI search needs unusual large number of steps (6) to converge!
Optimizing NNI: done in 0.00953062 secs using 351.8% CPU
WARNING: NNI search needs unusual large number of steps (6) to converge!
Optimizing NNI: done in 0.00764148 secs using 309.4% CPU
Optimizing NNI: done in 0.00797275 secs using 300.5% CPU
Optimizing NNI: done in 0.00799534 secs using 300.1% CPU
Finish initializing candidate tree set (7)
Current best tree score: -97126.651 / CPU time: 0.135
Number of iterations: 7
--------------------------------------------------------------------
|               OPTIMIZING CANDIDATE TREE SET                      |
--------------------------------------------------------------------
Optimizing NNI: done in 0.00261479 secs using 406% CPU
Optimizing NNI: done in 0.00297657 secs using 368.7% CPU
Optimizing NNI: done in 0.00897319 secs using 278.3% CPU
WARNING: NNI search needs unusual large number of steps (6) to converge!
Iteration 10 / LogL: -97126.651 / Time: 0h:1m:19s
Optimizing NNI: done in 0.00685185 secs using 216.8% CPU
Optimizing NNI: done in 0.00105187 secs using 100% CPU
UPDATE BEST LOG-LIKELIHOOD: -97126.651
Optimizing NNI: done in 0.00583408 secs using 374.2% CPU
UPDATE BEST LOG-LIKELIHOOD: -97126.651
Optimizing NNI: done in 0.00259757 secs using 408% CPU
Optimizing NNI: done in 0.00249538 secs using 420.6% CPU
UPDATE BEST LOG-LIKELIHOOD: -97126.651
Optimizing NNI: done in 0.00546655 secs using 246.3% CPU
Optimizing NNI: done in 0.00722974 secs using 210.7% CPU
Optimizing NNI: done in 0.00269745 secs using 100% CPU
Optimizing NNI: done in 0.00545208 secs using 246.7% CPU
Optimizing NNI: done in 0.00264898 secs using 402% CPU
Iteration 20 / LogL: -97173.656 / Time: 0h:1m:19s
Optimizing NNI: done in 0.00144922 secs using 652% CPU
UPDATE BEST LOG-LIKELIHOOD: -97126.651
Optimizing NNI: done in 0.00682181 secs using 334.5% CPU
Optimizing NNI: done in 0.00839226 secs using 290.6% CPU
WARNING: NNI search needs unusual large number of steps (6) to converge!
Optimizing NNI: done in 0.00262042 secs using 405.3% CPU
Optimizing NNI: done in 0.00293076 secs using 372.9% CPU
Optimizing NNI: done in 0.00270116 secs using 396.2% CPU
Optimizing NNI: done in 0.00143651 secs using 656.9% CPU
UPDATE BEST LOG-LIKELIHOOD: -97126.651
Optimizing NNI: done in 0.00148486 secs using 100% CPU
Optimizing NNI: done in 0.0071127 secs using 212.5% CPU
Optimizing NNI: done in 0.00271028 secs using 99.99% CPU
Iteration 30 / LogL: -97173.559 / Time: 0h:1m:20s (0h:3m:13s left)
Optimizing NNI: done in 0.00288179 secs using 100% CPU
Optimizing NNI: done in 0.00581186 secs using 237.6% CPU
Optimizing NNI: done in 0.00584541 secs using 373.7% CPU
Optimizing NNI: done in 0.00285268 secs using 380.4% CPU
Optimizing NNI: done in 0.00261888 secs using 405.4% CPU
Optimizing NNI: done in 0.00290598 secs using 375.3% CPU
Optimizing NNI: done in 0.0025313 secs using 416% CPU
Optimizing NNI: done in 0.00113604 secs using 100% CPU
Optimizing NNI: done in 0.00146025 secs using 99.98% CPU
Optimizing NNI: done in 0.00291585 secs using 374.3% CPU
Iteration 40 / LogL: -97126.651 / Time: 0h:1m:20s (0h:2m:3s left)
Optimizing NNI: done in 0.00824531 secs using 294% CPU
WARNING: NNI search needs unusual large number of steps (6) to converge!
Optimizing NNI: done in 0.00241917 secs using 99.95% CPU
Optimizing NNI: done in 0.00895672 secs using 367.9% CPU
WARNING: NNI search needs unusual large number of steps (6) to converge!
Optimizing NNI: done in 0.00898521 secs using 278.1% CPU
WARNING: NNI search needs unusual large number of steps (6) to converge!
Optimizing NNI: done in 0.00241328 secs using 99.99% CPU
Optimizing NNI: done in 0.00290732 secs using 375.2% CPU
Optimizing NNI: done in 0.00682938 secs using 334.3% CPU
Optimizing NNI: done in 0.00270442 secs using 395.8% CPU
Optimizing NNI: done in 0.00326899 secs using 344.7% CPU
Optimizing NNI: done in 0.00841367 secs using 290.1% CPU
WARNING: NNI search needs unusual large number of steps (6) to converge!
Iteration 50 / LogL: -97126.651 / Time: 0h:1m:20s (0h:1m:21s left)
Log-likelihood cutoff on original alignment: -97153.588
Optimizing NNI: done in 0.00904391 secs using 276.9% CPU
WARNING: NNI search needs unusual large number of steps (6) to converge!
Optimizing NNI: done in 0.00549453 secs using 391.2% CPU
Optimizing NNI: done in 0.00106508 secs using 99.99% CPU
Optimizing NNI: done in 0.00242062 secs using 430.5% CPU
Optimizing NNI: done in 0.00887835 secs using 370.3% CPU
Optimizing NNI: done in 0.00869942 secs using 283.9% CPU
WARNING: NNI search needs unusual large number of steps (6) to converge!
Optimizing NNI: done in 0.00245344 secs using 426.1% CPU
Optimizing NNI: done in 0.00887079 secs using 280.4% CPU
Optimizing NNI: done in 0.00840739 secs using 290.3% CPU
WARNING: NNI search needs unusual large number of steps (6) to converge!
Optimizing NNI: done in 0.00263739 secs using 403.3% CPU
Iteration 60 / LogL: -97173.656 / Time: 0h:1m:20s (0h:0m:54s left)
Optimizing NNI: done in 0.00266194 secs using 400.5% CPU
Optimizing NNI: done in 0.00269508 secs using 396.8% CPU
Optimizing NNI: done in 0.00889657 secs using 279.8% CPU
Optimizing NNI: done in 0.00875519 secs using 282.7% CPU
WARNING: NNI search needs unusual large number of steps (6) to converge!
Optimizing NNI: done in 0.00265662 secs using 401.2% CPU
Optimizing NNI: done in 0.00242355 secs using 429.3% CPU
Optimizing NNI: done in 0.00277747 secs using 388% CPU
Optimizing NNI: done in 0.00240109 secs using 433.1% CPU
Optimizing NNI: done in 0.00269655 secs using 99.98% CPU
Optimizing NNI: done in 0.00886774 secs using 280.4% CPU
Iteration 70 / LogL: -97128.623 / Time: 0h:1m:20s (0h:0m:34s left)
Optimizing NNI: done in 0.0024883 secs using 421.5% CPU
Optimizing NNI: done in 0.00147862 secs using 641% CPU
Optimizing NNI: done in 0.00683261 secs using 334.2% CPU
Optimizing NNI: done in 0.0071657 secs using 323.3% CPU
Optimizing NNI: done in 0.0032785 secs using 344% CPU
Optimizing NNI: done in 0.00105791 secs using 99.91% CPU
Optimizing NNI: done in 0.00714038 secs using 156.3% CPU
Optimizing NNI: done in 0.00894158 secs using 278.9% CPU
WARNING: NNI search needs unusual large number of steps (6) to converge!
Optimizing NNI: done in 0.00240483 secs using 432.7% CPU
Optimizing NNI: done in 0.00678806 secs using 335.7% CPU
Iteration 80 / LogL: -97126.651 / Time: 0h:1m:20s (0h:0m:20s left)
Optimizing NNI: done in 0.00141352 secs using 99.96% CPU
Optimizing NNI: done in 0.00270526 secs using 99.99% CPU
Optimizing NNI: done in 0.00587093 secs using 236.2% CPU
Optimizing NNI: done in 0.00685919 secs using 216.6% CPU
Optimizing NNI: done in 0.00290037 secs using 99.99% CPU
Optimizing NNI: done in 0.00889624 secs using 279.8% CPU
Optimizing NNI: done in 0.00717072 secs using 323.1% CPU
Optimizing NNI: done in 0.00885494 secs using 280.7% CPU
Optimizing NNI: done in 0.00884009 secs using 281% CPU
Optimizing NNI: done in 0.00566694 secs using 382.3% CPU
Iteration 90 / LogL: -97126.651 / Time: 0h:1m:20s (0h:0m:9s left)
Optimizing NNI: done in 0.00713726 secs using 324.2% CPU
Optimizing NNI: done in 0.00324102 secs using 346.8% CPU
Optimizing NNI: done in 0.00548779 secs using 245.8% CPU
Optimizing NNI: done in 0.0014941 secs using 99.99% CPU
UPDATE BEST LOG-LIKELIHOOD: -97126.651
Optimizing NNI: done in 0.00896679 secs using 367.6% CPU
WARNING: NNI search needs unusual large number of steps (6) to converge!
Optimizing NNI: done in 0.00291626 secs using 374.3% CPU
Optimizing NNI: done in 0.00875838 secs using 282.7% CPU
WARNING: NNI search needs unusual large number of steps (6) to converge!
Optimizing NNI: done in 0.00822323 secs using 391.8% CPU
WARNING: NNI search needs unusual large number of steps (6) to converge!
Optimizing NNI: done in 0.00238693 secs using 100% CPU
Optimizing NNI: done in 0.00261305 secs using 99.96% CPU
Iteration 100 / LogL: -97177.999 / Time: 0h:1m:20s (0h:0m:0s left)
Log-likelihood cutoff on original alignment: -97153.588
NOTE: Bootstrap correlation coefficient of split occurrence frequencies: 0.998
Optimizing NNI: done in 0.00894612 secs using 368.3% CPU
TREE SEARCH COMPLETED AFTER 101 ITERATIONS / Time: 0h:1m:20s

--------------------------------------------------------------------
|                    FINALIZING TREE SEARCH                        |
--------------------------------------------------------------------
Performs final model parameters optimization
Estimate model parameters (epsilon = 0.010)
1. Initial log-likelihood: -97126.651
2. Current log-likelihood: -97126.618
3. Current log-likelihood: -97126.560
4. Current log-likelihood: -97126.514
5. Current log-likelihood: -97126.474
6. Current log-likelihood: -97126.441
7. Current log-likelihood: -97126.416
8. Current log-likelihood: -97126.395
9. Current log-likelihood: -97126.381
10. Current log-likelihood: -97126.366
Optimal log-likelihood: -97126.354
Rate parameters:  A-C: 0.40151  A-G: 1.25805  A-T: 0.31201  C-G: 0.38924  C-T: 2.90773  G-T: 1.00000
Base frequencies:  A: 0.305  C: 0.170  G: 0.194  T: 0.331
Gamma shape alpha: 0.174
Parameters optimization took 10 rounds (0.018 sec)
BEST SCORE FOUND : -97126.354
Creating bootstrap support values...
Split supports printed to NEXUS file ../../data/align.fasta.splits.nex
Total tree length: 2.398

Total number of iterations: 101
CPU time used for tree search: 2.110 sec (0h:0m:2s)
Wall-clock time used for tree search: 0.706 sec (0h:0m:0s)
Total CPU time used: 180.043 sec (0h:3m:0s)
Total wall-clock time used: 80.486 sec (0h:1m:20s)

Computing bootstrap consensus tree...
Reading input file ../../data/align.fasta.splits.nex...
6 taxa and 11 splits.
Consensus tree written to ../../data/align.fasta.contree
Reading input trees file ../../data/align.fasta.contree
Log-likelihood of consensus tree: -97126.354

Analysis results written to: 
  IQ-TREE report:                ../../data/align.fasta.iqtree
  Maximum-likelihood tree:       ../../data/align.fasta.treefile
  Likelihood distances:          ../../data/align.fasta.mldist

Ultrafast bootstrap approximation results written to:
  Split support values:          ../../data/align.fasta.splits.nex
  Consensus tree:                ../../data/align.fasta.contree
  Screen log file:               ../../data/align.fasta.log

Date and Time: Thu May 15 15:30:48 2025
